<?xml version="1.0" encoding="UTF-8"?>
<testng-results ignored="0" total="0" passed="0" failed="0" skipped="0">
  <reporter-output>
  </reporter-output>
  <suite started-at="2022-10-18T10:17:53 IST" name="testcase.LoginTest" finished-at="2022-10-18T10:17:53 IST" duration-ms="17">
    <groups>
    </groups>
    <test started-at="2022-10-18T10:17:53 IST" name="Command line test" finished-at="2022-10-18T10:17:53 IST" duration-ms="17">
    </test> <!-- Command line test -->
  </suite> <!-- testcase.LoginTest -->
</testng-results>
